Ahmed Butt, Assignment 5                  20210311

                               NON-GRADUATE EMPLOYEE SALARY REPORT                            PAGE  01

EMP  EMP                             PRESENT  INCREASE     PAY           NEW       BUDGET       BUDGET
NUM  NAME          YEARS POSITION    SALARY     %       INCREASE       SALARY      ESTIMATE     DIFF

004 ACHER WILLIAM     1             7,260.05               $0.00+  $   7,260.05    7,200.00     -60.05
590 NEIL CLARENCE     7  JR PROG      650.09   3.2        $20.80+  $     670.89    1,000.00     329.11
801 SCHEIBER HARRY    1            10,000.00               $0.00+  $  10,000.00   10,000.00       0.00
956 WANGLEY THEO      1             9,999.91               $0.00+  $   9,999.91   10,000.00       0.09
311 GROLER GRACE     23  PROG       6,430.20   6.7%      $430.82+  $   6,861.02    7,700.00     838.98
487 KING MILDRED     18  PROG       9,199.63   6.7%      $616.38+  $   9,816.01   10,000.00     183.99
834 TRAWLEY HARRIS    5  JR PROG   73,260.05   3.2%    $2,344.32+  $  75,604.37   77,000.00   1,395.63
171 COSTA NAN        15  PROG       3,560.05   6.7%      $238.52+  $   3,798.57    4,000.00     201.43
739 RIDEL ROBERT      5  JR PROG    1,940.08   3.2%       $62.08+  $   2,002.16    2,000.00      -2.16
122 CENNA DICK        3            57,770.04               $0.00+  $  57,770.04   60,000.00   2,229.96
568 LYNNF GERALD      9  JR PROG   44,870.13   3.2     $1,435.84+  $  46,305.97   45,000.00  -1,305.97
909 UDSON DORIS       1            44,990.03               $0.00+  $  44,990.03   45,000.00       9.97
100 BATES TONY        8  JR PROG   10,660.20   3.2       $341.13+  $  11,001.33   10,000.00  -1,001.33
179 DAMSON ERIC       3            25,020.18               $0.00+  $  25,020.18   25,000.00     -20.18
825 TILLMAN DON      12  PROG       4,440.19   6.7%      $297.49+  $   4,737.68    5,000.00     262.32
214 EDMONSON RICK     2            10,000.00               $0.00+  $  10,000.00   10,000.00       0.00
310 GORMALLY MARIE    3            30,220.06               $0.00+  $  30,220.06   30,000.00    -220.06
689 OWNEY REED        4            31,746.03               $0.00+  $  31,746.03   35,000.00   3,253.97
322 HARLETON JEAN     7  JR PROG    8,990.12   3.2       $287.68+  $   9,277.80   10,000.00     722.20
921 ULL GEORGE       18  PROG      22,988.51   6.7%    $1,540.23+  $  24,528.74   25,000.00     471.26
                               NON-GRADUATE EMPLOYEE SALARY REPORT                            PAGE  02

EMP  EMP                             PRESENT  INCREASE     PAY           NEW       BUDGET       BUDGET
NUM  NAME          YEARS POSITION    SALARY     %       INCREASE       SALARY      ESTIMATE     DIFF

105 BOYLE RALPH       8  JR PROG   80,440.14   3.2%    $2,574.08+  $  83,014.22   78,000.00  -5,014.22
315 HALE ALAN        12  PROG      40,000.16   6.7%    $2,680.01+  $  42,680.17   45,000.00   2,319.83

                                                                        AVERAGE INCREASE:      $584.97

                                                          NON-GRADUATE TOTAL BUDGET DIFF:    $4,594.77
